<!-- src/test/resources/test-pom.xml -->

<project xmlns="http://maven.apache.org/POM/4.0.0"
         xmlns:xsi="http://www.w3.org/2001/XMLSchema-instance"
         xsi:schemaLocation="http://maven.apache.org/POM/4.0.0 http://maven.apache.org/xsd/maven-4.0.0.xsd">

    <modelVersion>4.0.0</modelVersion>
    <groupId>com.example.test</groupId>
    <artifactId>test-project</artifactId>
    <version>1.0.0</version>

    <dependencies>
        <dependency>
            <groupId>com.example</groupId>
            <artifactId>dependency-visualizer</artifactId>
            <version>1.0.0</version>
        </dependency>
        <dependency>
            <groupId>org.slf4j</groupId>
            <artifactId>slf4j-api</artifactId>
            <version>2.0.13</version>
        </dependency>
        <dependency>
            <groupId>org.codehaus.groovy</groupId>
            <artifactId>groovy</artifactId>
            <version>3.0.21</version>
        </dependency>
    </dependencies>

</project>
